Flow report for nios_DE2_demo
Wed Nov 28 15:55:58 2012
Quartus II 32-bit Version 12.1 Build 177 11/07/2012 SJ Web Edition


---------------------
; Table of Contents ;
---------------------
  1. Legal Notice
  2. Flow Summary
  3. Flow Settings
  4. Flow Non-Default Global Settings
  5. Flow Elapsed Time
  6. Flow OS Summary
  7. Flow Log



----------------
; Legal Notice ;
----------------
Copyright (C) 1991-2012 Altera Corporation
Your use of Altera Corporation's design tools, logic functions 
and other software and tools, and its AMPP partner logic 
functions, and any output files from any of the foregoing 
(including device programming or simulation files), and any 
associated documentation or information are expressly subject 
to the terms and conditions of the Altera Program License 
Subscription Agreement, Altera MegaCore Function License 
Agreement, or other applicable license agreement, including, 
without limitation, that your use is for the sole purpose of 
programming logic devices manufactured by Altera and sold by 
Altera or its authorized distributors.  Please refer to the 
applicable agreement for further details.



+-------------------------------------------------------------------------------+
; Flow Summary                                                                  ;
+------------------------------------+------------------------------------------+
; Flow Status                        ; Successful - Wed Nov 28 15:55:52 2012    ;
; Quartus II 32-bit Version          ; 12.1 Build 177 11/07/2012 SJ Web Edition ;
; Revision Name                      ; nios_DE2_demo                            ;
; Top-level Entity Name              ; nios_DE2_demo                            ;
; Family                             ; Cyclone II                               ;
; Device                             ; EP2C35F672C6                             ;
; Timing Models                      ; Final                                    ;
; Total logic elements               ; 68 / 33,216 ( < 1 % )                    ;
;     Total combinational functions  ; 64 / 33,216 ( < 1 % )                    ;
;     Dedicated logic registers      ; 51 / 33,216 ( < 1 % )                    ;
; Total registers                    ; 51                                       ;
; Total pins                         ; 50 / 475 ( 11 % )                        ;
; Total virtual pins                 ; 0                                        ;
; Total memory bits                  ; 0 / 483,840 ( 0 % )                      ;
; Embedded Multiplier 9-bit elements ; 0 / 70 ( 0 % )                           ;
; Total PLLs                         ; 0 / 4 ( 0 % )                            ;
+------------------------------------+------------------------------------------+


+-----------------------------------------+
; Flow Settings                           ;
+-------------------+---------------------+
; Option            ; Setting             ;
+-------------------+---------------------+
; Start date & time ; 11/28/2012 15:55:13 ;
; Main task         ; Compilation         ;
; Revision Name     ; nios_DE2_demo       ;
+-------------------+---------------------+


+-------------------------------------------------------------------------------------------------------------------------------------------------------------------+
; Flow Non-Default Global Settings                                                                                                                                  ;
+-------------------------------------+----------------------------------------------------------------------------------+---------------+-------------+------------+
; Assignment Name                     ; Value                                                                            ; Default Value ; Entity Name ; Section Id ;
+-------------------------------------+----------------------------------------------------------------------------------+---------------+-------------+------------+
; COMPILER_SIGNATURE_ID               ; 1098328974318.135411451302516                                                    ; --            ; --          ; --         ;
; MAX_CORE_JUNCTION_TEMP              ; 85                                                                               ; --            ; --          ; --         ;
; MIN_CORE_JUNCTION_TEMP              ; 0                                                                                ; --            ; --          ; --         ;
; MISC_FILE                           ; C:/skola/Phd/3. semestr/PV200/DE2_prednaska/nios_DE2_demo/nios_DE2_demo.dpf      ; --            ; --          ; --         ;
; MISC_FILE                           ; C:/skola/vyuka/PB170 - Seminar z konstrukce/verilog/design DE2/nios_DE2_demo.dpf ; --            ; --          ; --         ;
; PARTITION_COLOR                     ; 14622752                                                                         ; --            ; --          ; Top        ;
; PARTITION_FITTER_PRESERVATION_LEVEL ; PLACEMENT_AND_ROUTING                                                            ; --            ; --          ; Top        ;
; PARTITION_NETLIST_TYPE              ; SOURCE                                                                           ; --            ; --          ; Top        ;
; USE_GENERATED_PHYSICAL_CONSTRAINTS  ; Off                                                                              ; --            ; --          ; eda_palace ;
+-------------------------------------+----------------------------------------------------------------------------------+---------------+-------------+------------+


+-------------------------------------------------------------------------------------------------------------------------------+
; Flow Elapsed Time                                                                                                             ;
+---------------------------+--------------+-------------------------+---------------------+------------------------------------+
; Module Name               ; Elapsed Time ; Average Processors Used ; Peak Virtual Memory ; Total CPU Time (on all processors) ;
+---------------------------+--------------+-------------------------+---------------------+------------------------------------+
; Analysis & Synthesis      ; 00:00:03     ; 1.0                     ; 339 MB              ; 00:00:03                           ;
; Fitter                    ; 00:00:21     ; 1.0                     ; 458 MB              ; 00:00:19                           ;
; Assembler                 ; 00:00:11     ; 1.0                     ; 356 MB              ; 00:00:06                           ;
; TimeQuest Timing Analyzer ; 00:00:02     ; 1.0                     ; 311 MB              ; 00:00:02                           ;
; Total                     ; 00:00:37     ; --                      ; --                  ; 00:00:30                           ;
+---------------------------+--------------+-------------------------+---------------------+------------------------------------+


+----------------------------------------------------------------------------------------+
; Flow OS Summary                                                                        ;
+---------------------------+------------------+-----------+------------+----------------+
; Module Name               ; Machine Hostname ; OS Name   ; OS Version ; Processor type ;
+---------------------------+------------------+-----------+------------+----------------+
; Analysis & Synthesis      ; Zdenek-PC        ; Windows 7 ; 6.1        ; x86_64         ;
; Fitter                    ; Zdenek-PC        ; Windows 7 ; 6.1        ; x86_64         ;
; Assembler                 ; Zdenek-PC        ; Windows 7 ; 6.1        ; x86_64         ;
; TimeQuest Timing Analyzer ; Zdenek-PC        ; Windows 7 ; 6.1        ; x86_64         ;
+---------------------------+------------------+-----------+------------+----------------+


------------
; Flow Log ;
------------
quartus_map --read_settings_files=on --write_settings_files=off nios_DE2_demo -c nios_DE2_demo
quartus_fit --read_settings_files=off --write_settings_files=off nios_DE2_demo -c nios_DE2_demo
quartus_asm --read_settings_files=off --write_settings_files=off nios_DE2_demo -c nios_DE2_demo
quartus_sta nios_DE2_demo -c nios_DE2_demo



